C:/Users/Canfresco/Desktop/UNI/EXPERIMENTAL ROBOTICS LABORATORY/Assignment 1/ExperimentalRoboticsLab-Assignment-1/robocluedo/src/cluedo_random_room.cpp:125: warning: unable to resolve reference to 'SERVICE_RANDOM_ROOM' for \ref command
C:/Users/Canfresco/Desktop/UNI/EXPERIMENTAL ROBOTICS LABORATORY/Assignment 1/ExperimentalRoboticsLab-Assignment-1/robocluedo/src/cluedo_armor_interface.cpp:268: warning: unable to resolve reference to 'SERVICE_INTERFACE_WRONG_HYPOTHESIS' for \ref command
C:/Users/Canfresco/Desktop/UNI/EXPERIMENTAL ROBOTICS LABORATORY/Assignment 1/ExperimentalRoboticsLab-Assignment-1/robocluedo/src/cluedo_movement_controller.cpp:67: warning: unable to resolve reference to 'SERVICE_INTERFACE_FIND_CONSISTENT_HYP' for \ref command
C:/Users/Canfresco/Desktop/UNI/EXPERIMENTAL ROBOTICS LABORATORY/Assignment 1/ExperimentalRoboticsLab-Assignment-1/robocluedo/src/cluedo_armor_interface.cpp:152: warning: unable to resolve reference to 'SERVICE_INTERFACE_ADD_HINT' for \ref command
C:/Users/Canfresco/Desktop/UNI/EXPERIMENTAL ROBOTICS LABORATORY/Assignment 1/ExperimentalRoboticsLab-Assignment-1/robocluedo/src/cluedo_armor_interface.cpp:293: warning: unable to resolve reference to 'SERVICE_INTERFACE_SAVE_ONTOLOGY' for \ref command
C:/Users/Canfresco/Desktop/UNI/EXPERIMENTAL ROBOTICS LABORATORY/Assignment 1/ExperimentalRoboticsLab-Assignment-1/robocluedo/src/cluedo_armor_interface.cpp:217: warning: unable to resolve reference to 'SERVICE_INTERFACE_FIND_CONSISTENT_HYP' for \ref command
C:/Users/Canfresco/Desktop/UNI/EXPERIMENTAL ROBOTICS LABORATORY/Assignment 1/ExperimentalRoboticsLab-Assignment-1/robocluedo/src/cluedo_oracle.cpp:249: warning: unable to resolve reference to 'SERVICE_CHECK_SOLUTION' for \ref command
C:/Users/Canfresco/Desktop/UNI/EXPERIMENTAL ROBOTICS LABORATORY/Assignment 1/ExperimentalRoboticsLab-Assignment-1/robocluedo/src/cluedo_oracle.cpp:208: warning: unable to resolve reference to 'SUBSCRIBER_HINT_SIGNAL' for \ref command
C:/Users/Canfresco/Desktop/UNI/EXPERIMENTAL ROBOTICS LABORATORY/Assignment 1/ExperimentalRoboticsLab-Assignment-1/robocluedo/src/cluedo_oracle.cpp:208: warning: unable to resolve reference to 'PUBLISHER_HINT' for \ref command
C:/Users/Canfresco/Desktop/UNI/EXPERIMENTAL ROBOTICS LABORATORY/Assignment 1/ExperimentalRoboticsLab-Assignment-1/robocluedo/docs/examples/example_armor_cluedo_1.cpp:12: warning: included file ArmorCluedo is not found. Check your EXAMPLE_PATH
C:/Users/Canfresco/Desktop/UNI/EXPERIMENTAL ROBOTICS LABORATORY/Assignment 1/ExperimentalRoboticsLab-Assignment-1/robocluedo/docs/examples/example_armor_cluedo_2.cpp:12: warning: included file ArmorCluedo is not found. Check your EXAMPLE_PATH
C:/Users/Canfresco/Desktop/UNI/EXPERIMENTAL ROBOTICS LABORATORY/Assignment 1/ExperimentalRoboticsLab-Assignment-1/robocluedo/docs/examples/example_armor_cluedo_3.cpp:12: warning: included file ArmorCluedo is not found. Check your EXAMPLE_PATH
C:/Users/Canfresco/Desktop/UNI/EXPERIMENTAL ROBOTICS LABORATORY/Assignment 1/ExperimentalRoboticsLab-Assignment-1/robocluedo/docs/examples/example_armor_tools_1.cpp:22: warning: included file ArmorTools is not found. Check your EXAMPLE_PATH
C:/Users/Canfresco/Desktop/UNI/EXPERIMENTAL ROBOTICS LABORATORY/Assignment 1/ExperimentalRoboticsLab-Assignment-1/robocluedo/docs/examples/example_armor_tools_2.cpp:13: warning: included file ArmorTools is not found. Check your EXAMPLE_PATH
C:/Users/Canfresco/Desktop/UNI/EXPERIMENTAL ROBOTICS LABORATORY/Assignment 1/ExperimentalRoboticsLab-Assignment-1/robocluedo/src/cluedo_armor_interface.cpp:152: warning: unable to resolve reference to 'SERVICE_INTERFACE_ADD_HINT' for \ref command
C:/Users/Canfresco/Desktop/UNI/EXPERIMENTAL ROBOTICS LABORATORY/Assignment 1/ExperimentalRoboticsLab-Assignment-1/robocluedo/src/cluedo_armor_interface.cpp:217: warning: unable to resolve reference to 'SERVICE_INTERFACE_FIND_CONSISTENT_HYP' for \ref command
C:/Users/Canfresco/Desktop/UNI/EXPERIMENTAL ROBOTICS LABORATORY/Assignment 1/ExperimentalRoboticsLab-Assignment-1/robocluedo/src/cluedo_armor_interface.cpp:268: warning: unable to resolve reference to 'SERVICE_INTERFACE_WRONG_HYPOTHESIS' for \ref command
C:/Users/Canfresco/Desktop/UNI/EXPERIMENTAL ROBOTICS LABORATORY/Assignment 1/ExperimentalRoboticsLab-Assignment-1/robocluedo/src/cluedo_armor_interface.cpp:293: warning: unable to resolve reference to 'SERVICE_INTERFACE_SAVE_ONTOLOGY' for \ref command
C:/Users/Canfresco/Desktop/UNI/EXPERIMENTAL ROBOTICS LABORATORY/Assignment 1/ExperimentalRoboticsLab-Assignment-1/robocluedo/src/cluedo_armor_interface.cpp:54: warning: unable to resolve reference to 'ONTOLOGY_PARAM' for \ref command
C:/Users/Canfresco/Desktop/UNI/EXPERIMENTAL ROBOTICS LABORATORY/Assignment 1/ExperimentalRoboticsLab-Assignment-1/robocluedo/src/cluedo_armor_interface.cpp:58: warning: unable to resolve reference to 'PARAM_ONTOLOGY_BACKUP_PATH' for \ref command
C:/Users/Canfresco/Desktop/UNI/EXPERIMENTAL ROBOTICS LABORATORY/Assignment 1/ExperimentalRoboticsLab-Assignment-1/robocluedo/src/cluedo_armor_interface.cpp:268: warning: unable to resolve reference to 'SERVICE_INTERFACE_WRONG_HYPOTHESIS' for \ref command
C:/Users/Canfresco/Desktop/UNI/EXPERIMENTAL ROBOTICS LABORATORY/Assignment 1/ExperimentalRoboticsLab-Assignment-1/robocluedo/src/cluedo_armor_interface.cpp:152: warning: unable to resolve reference to 'SERVICE_INTERFACE_ADD_HINT' for \ref command
C:/Users/Canfresco/Desktop/UNI/EXPERIMENTAL ROBOTICS LABORATORY/Assignment 1/ExperimentalRoboticsLab-Assignment-1/robocluedo/src/cluedo_armor_interface.cpp:293: warning: unable to resolve reference to 'SERVICE_INTERFACE_SAVE_ONTOLOGY' for \ref command
C:/Users/Canfresco/Desktop/UNI/EXPERIMENTAL ROBOTICS LABORATORY/Assignment 1/ExperimentalRoboticsLab-Assignment-1/robocluedo/src/cluedo_armor_interface.cpp:296: warning: unable to resolve reference to 'PARAM_ONTOLOGY_BACKUP_PATH' for \ref command
C:/Users/Canfresco/Desktop/UNI/EXPERIMENTAL ROBOTICS LABORATORY/Assignment 1/ExperimentalRoboticsLab-Assignment-1/robocluedo/src/cluedo_armor_interface.cpp:217: warning: unable to resolve reference to 'SERVICE_INTERFACE_FIND_CONSISTENT_HYP' for \ref command
C:/Users/Canfresco/Desktop/UNI/EXPERIMENTAL ROBOTICS LABORATORY/Assignment 1/ExperimentalRoboticsLab-Assignment-1/robocluedo/src/cluedo_armor_interface.cpp:268: warning: unable to resolve reference to 'SERVICE_INTERFACE_WRONG_HYPOTHESIS' for \ref command
C:/Users/Canfresco/Desktop/UNI/EXPERIMENTAL ROBOTICS LABORATORY/Assignment 1/ExperimentalRoboticsLab-Assignment-1/robocluedo/src/cluedo_armor_interface.cpp:152: warning: unable to resolve reference to 'SERVICE_INTERFACE_ADD_HINT' for \ref command
C:/Users/Canfresco/Desktop/UNI/EXPERIMENTAL ROBOTICS LABORATORY/Assignment 1/ExperimentalRoboticsLab-Assignment-1/robocluedo/src/cluedo_armor_interface.cpp:293: warning: unable to resolve reference to 'SERVICE_INTERFACE_SAVE_ONTOLOGY' for \ref command
C:/Users/Canfresco/Desktop/UNI/EXPERIMENTAL ROBOTICS LABORATORY/Assignment 1/ExperimentalRoboticsLab-Assignment-1/robocluedo/src/cluedo_armor_interface.cpp:296: warning: unable to resolve reference to 'PARAM_ONTOLOGY_BACKUP_PATH' for \ref command
C:/Users/Canfresco/Desktop/UNI/EXPERIMENTAL ROBOTICS LABORATORY/Assignment 1/ExperimentalRoboticsLab-Assignment-1/robocluedo/src/cluedo_armor_interface.cpp:217: warning: unable to resolve reference to 'SERVICE_INTERFACE_FIND_CONSISTENT_HYP' for \ref command
C:/Users/Canfresco/Desktop/UNI/EXPERIMENTAL ROBOTICS LABORATORY/Assignment 1/ExperimentalRoboticsLab-Assignment-1/robocluedo/src/cluedo_movement_controller.cpp:67: warning: unable to resolve reference to 'SERVICE_INTERFACE_FIND_CONSISTENT_HYP' for \ref command
C:/Users/Canfresco/Desktop/UNI/EXPERIMENTAL ROBOTICS LABORATORY/Assignment 1/ExperimentalRoboticsLab-Assignment-1/robocluedo/src/cluedo_movement_controller.cpp:28: warning: unable to resolve reference to 'PUBLISHER_HINT_SIGNAL' for \ref command
C:/Users/Canfresco/Desktop/UNI/EXPERIMENTAL ROBOTICS LABORATORY/Assignment 1/ExperimentalRoboticsLab-Assignment-1/robocluedo/src/cluedo_movement_controller.cpp:36: warning: unable to resolve reference to 'SERVICE_GO_TO' for \ref command
C:/Users/Canfresco/Desktop/UNI/EXPERIMENTAL ROBOTICS LABORATORY/Assignment 1/ExperimentalRoboticsLab-Assignment-1/robocluedo/src/cluedo_movement_controller.cpp:67: warning: unable to resolve reference to 'SERVICE_INTERFACE_FIND_CONSISTENT_HYP' for \ref command
C:/Users/Canfresco/Desktop/UNI/EXPERIMENTAL ROBOTICS LABORATORY/Assignment 1/ExperimentalRoboticsLab-Assignment-1/robocluedo/src/cluedo_movement_controller.cpp:67: warning: unable to resolve reference to 'SERVICE_INTERFACE_FIND_CONSISTENT_HYP' for \ref command
C:/Users/Canfresco/Desktop/UNI/EXPERIMENTAL ROBOTICS LABORATORY/Assignment 1/ExperimentalRoboticsLab-Assignment-1/robocluedo/src/cluedo_oracle.cpp:208: warning: unable to resolve reference to 'SUBSCRIBER_HINT_SIGNAL' for \ref command
C:/Users/Canfresco/Desktop/UNI/EXPERIMENTAL ROBOTICS LABORATORY/Assignment 1/ExperimentalRoboticsLab-Assignment-1/robocluedo/src/cluedo_oracle.cpp:208: warning: unable to resolve reference to 'PUBLISHER_HINT' for \ref command
C:/Users/Canfresco/Desktop/UNI/EXPERIMENTAL ROBOTICS LABORATORY/Assignment 1/ExperimentalRoboticsLab-Assignment-1/robocluedo/src/cluedo_oracle.cpp:249: warning: unable to resolve reference to 'SERVICE_CHECK_SOLUTION' for \ref command
C:/Users/Canfresco/Desktop/UNI/EXPERIMENTAL ROBOTICS LABORATORY/Assignment 1/ExperimentalRoboticsLab-Assignment-1/robocluedo/src/cluedo_oracle.cpp:27: warning: unable to resolve reference to 'PUBLISHER_HINT' for \ref command
C:/Users/Canfresco/Desktop/UNI/EXPERIMENTAL ROBOTICS LABORATORY/Assignment 1/ExperimentalRoboticsLab-Assignment-1/robocluedo/src/cluedo_oracle.cpp:35: warning: unable to resolve reference to 'SUBSCRIBER_HINT_SIGNAL' for \ref command
C:/Users/Canfresco/Desktop/UNI/EXPERIMENTAL ROBOTICS LABORATORY/Assignment 1/ExperimentalRoboticsLab-Assignment-1/robocluedo/src/cluedo_oracle.cpp:43: warning: unable to resolve reference to 'SERVICE_CHECK_SOLUTION' for \ref command
C:/Users/Canfresco/Desktop/UNI/EXPERIMENTAL ROBOTICS LABORATORY/Assignment 1/ExperimentalRoboticsLab-Assignment-1/robocluedo/src/cluedo_oracle.cpp:51: warning: unable to resolve reference to 'PATH_PARAMETER_SERVER_WHERE' for \ref command
C:/Users/Canfresco/Desktop/UNI/EXPERIMENTAL ROBOTICS LABORATORY/Assignment 1/ExperimentalRoboticsLab-Assignment-1/robocluedo/src/cluedo_oracle.cpp:55: warning: unable to resolve reference to 'PATH_PARAMETER_SERVER_WHO' for \ref command
C:/Users/Canfresco/Desktop/UNI/EXPERIMENTAL ROBOTICS LABORATORY/Assignment 1/ExperimentalRoboticsLab-Assignment-1/robocluedo/src/cluedo_oracle.cpp:59: warning: unable to resolve reference to 'PATH_PARAMETER_SERVER_WHAT' for \ref command
C:/Users/Canfresco/Desktop/UNI/EXPERIMENTAL ROBOTICS LABORATORY/Assignment 1/ExperimentalRoboticsLab-Assignment-1/robocluedo/src/cluedo_oracle.cpp:249: warning: unable to resolve reference to 'SERVICE_CHECK_SOLUTION' for \ref command
C:/Users/Canfresco/Desktop/UNI/EXPERIMENTAL ROBOTICS LABORATORY/Assignment 1/ExperimentalRoboticsLab-Assignment-1/robocluedo/src/cluedo_oracle.cpp:251: warning: argument 'mysterySolved' of command @param is not found in the argument list of checkSolutionCallback(robocluedo_msgs::CheckSolution::Request &hyp, robocluedo_msgs::CheckSolution::Response &misterySolved)
C:/Users/Canfresco/Desktop/UNI/EXPERIMENTAL ROBOTICS LABORATORY/Assignment 1/ExperimentalRoboticsLab-Assignment-1/robocluedo/src/cluedo_oracle.cpp:261: warning: The following parameter of checkSolutionCallback(robocluedo_msgs::CheckSolution::Request &hyp, robocluedo_msgs::CheckSolution::Response &misterySolved) is not documented:
  parameter 'misterySolved'
C:/Users/Canfresco/Desktop/UNI/EXPERIMENTAL ROBOTICS LABORATORY/Assignment 1/ExperimentalRoboticsLab-Assignment-1/robocluedo/src/cluedo_oracle.cpp:293: warning: unable to resolve reference to 'MAX_SIZE_HINTS' for \ref command
C:/Users/Canfresco/Desktop/UNI/EXPERIMENTAL ROBOTICS LABORATORY/Assignment 1/ExperimentalRoboticsLab-Assignment-1/robocluedo/src/cluedo_oracle.cpp:284: warning: argument 'list_whatthe' of command @param is not found in the argument list of generateMystery(std::vector< std::string > list_who, std::vector< std::string > list_where, std::vector< std::string > list_what, int tot_hints)
C:/Users/Canfresco/Desktop/UNI/EXPERIMENTAL ROBOTICS LABORATORY/Assignment 1/ExperimentalRoboticsLab-Assignment-1/robocluedo/src/cluedo_oracle.cpp:311: warning: The following parameter of generateMystery(std::vector< std::string > list_who, std::vector< std::string > list_where, std::vector< std::string > list_what, int tot_hints) is not documented:
  parameter 'list_what'
C:/Users/Canfresco/Desktop/UNI/EXPERIMENTAL ROBOTICS LABORATORY/Assignment 1/ExperimentalRoboticsLab-Assignment-1/robocluedo/src/cluedo_oracle.cpp:208: warning: unable to resolve reference to 'SUBSCRIBER_HINT_SIGNAL' for \ref command
C:/Users/Canfresco/Desktop/UNI/EXPERIMENTAL ROBOTICS LABORATORY/Assignment 1/ExperimentalRoboticsLab-Assignment-1/robocluedo/src/cluedo_oracle.cpp:208: warning: unable to resolve reference to 'PUBLISHER_HINT' for \ref command
C:/Users/Canfresco/Desktop/UNI/EXPERIMENTAL ROBOTICS LABORATORY/Assignment 1/ExperimentalRoboticsLab-Assignment-1/robocluedo/src/cluedo_oracle.cpp:212: warning: unable to resolve reference to 'PUBLISHER_HINT' for \ref command
C:/Users/Canfresco/Desktop/UNI/EXPERIMENTAL ROBOTICS LABORATORY/Assignment 1/ExperimentalRoboticsLab-Assignment-1/robocluedo/src/cluedo_oracle.cpp:249: warning: unable to resolve reference to 'SERVICE_CHECK_SOLUTION' for \ref command
C:/Users/Canfresco/Desktop/UNI/EXPERIMENTAL ROBOTICS LABORATORY/Assignment 1/ExperimentalRoboticsLab-Assignment-1/robocluedo/src/cluedo_oracle.cpp:251: warning: argument 'mysterySolved' of command @param is not found in the argument list of checkSolutionCallback(robocluedo_msgs::CheckSolution::Request &hyp, robocluedo_msgs::CheckSolution::Response &misterySolved)
C:/Users/Canfresco/Desktop/UNI/EXPERIMENTAL ROBOTICS LABORATORY/Assignment 1/ExperimentalRoboticsLab-Assignment-1/robocluedo/src/cluedo_oracle.cpp:261: warning: The following parameter of checkSolutionCallback(robocluedo_msgs::CheckSolution::Request &hyp, robocluedo_msgs::CheckSolution::Response &misterySolved) is not documented:
  parameter 'misterySolved'
C:/Users/Canfresco/Desktop/UNI/EXPERIMENTAL ROBOTICS LABORATORY/Assignment 1/ExperimentalRoboticsLab-Assignment-1/robocluedo/src/cluedo_oracle.cpp:293: warning: unable to resolve reference to 'MAX_SIZE_HINTS' for \ref command
C:/Users/Canfresco/Desktop/UNI/EXPERIMENTAL ROBOTICS LABORATORY/Assignment 1/ExperimentalRoboticsLab-Assignment-1/robocluedo/src/cluedo_oracle.cpp:284: warning: argument 'list_whatthe' of command @param is not found in the argument list of generateMystery(std::vector< std::string > list_who, std::vector< std::string > list_where, std::vector< std::string > list_what, int tot_hints)
C:/Users/Canfresco/Desktop/UNI/EXPERIMENTAL ROBOTICS LABORATORY/Assignment 1/ExperimentalRoboticsLab-Assignment-1/robocluedo/src/cluedo_oracle.cpp:311: warning: The following parameter of generateMystery(std::vector< std::string > list_who, std::vector< std::string > list_where, std::vector< std::string > list_what, int tot_hints) is not documented:
  parameter 'list_what'
C:/Users/Canfresco/Desktop/UNI/EXPERIMENTAL ROBOTICS LABORATORY/Assignment 1/ExperimentalRoboticsLab-Assignment-1/robocluedo/src/cluedo_oracle.cpp:208: warning: unable to resolve reference to 'SUBSCRIBER_HINT_SIGNAL' for \ref command
C:/Users/Canfresco/Desktop/UNI/EXPERIMENTAL ROBOTICS LABORATORY/Assignment 1/ExperimentalRoboticsLab-Assignment-1/robocluedo/src/cluedo_oracle.cpp:208: warning: unable to resolve reference to 'PUBLISHER_HINT' for \ref command
C:/Users/Canfresco/Desktop/UNI/EXPERIMENTAL ROBOTICS LABORATORY/Assignment 1/ExperimentalRoboticsLab-Assignment-1/robocluedo/src/cluedo_oracle.cpp:212: warning: unable to resolve reference to 'PUBLISHER_HINT' for \ref command
C:/Users/Canfresco/Desktop/UNI/EXPERIMENTAL ROBOTICS LABORATORY/Assignment 1/ExperimentalRoboticsLab-Assignment-1/robocluedo/src/cluedo_random_room.cpp:125: warning: unable to resolve reference to 'SERVICE_RANDOM_ROOM' for \ref command
C:/Users/Canfresco/Desktop/UNI/EXPERIMENTAL ROBOTICS LABORATORY/Assignment 1/ExperimentalRoboticsLab-Assignment-1/robocluedo/src/cluedo_random_room.cpp:26: warning: unable to resolve reference to 'SERVICE_RANDOM_ROOM' for \ref command
C:/Users/Canfresco/Desktop/UNI/EXPERIMENTAL ROBOTICS LABORATORY/Assignment 1/ExperimentalRoboticsLab-Assignment-1/robocluedo/src/cluedo_random_room.cpp:34: warning: unable to resolve reference to 'PATH_PARAMETER_SERVER_WHERE' for \ref command
C:/Users/Canfresco/Desktop/UNI/EXPERIMENTAL ROBOTICS LABORATORY/Assignment 1/ExperimentalRoboticsLab-Assignment-1/robocluedo/src/cluedo_random_room.cpp:125: warning: unable to resolve reference to 'SERVICE_RANDOM_ROOM' for \ref command
C:/Users/Canfresco/Desktop/UNI/EXPERIMENTAL ROBOTICS LABORATORY/Assignment 1/ExperimentalRoboticsLab-Assignment-1/robocluedo/src/cluedo_random_room.cpp:125: warning: unable to resolve reference to 'SERVICE_RANDOM_ROOM' for \ref command
a00182:8: warning: unable to resolve reference to 'ARMOR_SERVICE_MULTIPLE_REQUESTS' for \ref command
C:/Users/Canfresco/Desktop/UNI/EXPERIMENTAL ROBOTICS LABORATORY/Assignment 1/ExperimentalRoboticsLab-Assignment-1/robocluedo/include/armor_tools/armor_cluedo.h:65: warning: unable to resolve reference to 'ARMOR_DEFAULT_DEBUGMODE' for \ref command
C:/Users/Canfresco/Desktop/UNI/EXPERIMENTAL ROBOTICS LABORATORY/Assignment 1/ExperimentalRoboticsLab-Assignment-1/robocluedo/include/armor_tools/armor_cluedo.h:312: warning: argument 'itemList' of command @param is not found in the argument list of ArmorCluedo::FilterVector(std::vector< std::string > &itemlist)
C:/Users/Canfresco/Desktop/UNI/EXPERIMENTAL ROBOTICS LABORATORY/Assignment 1/ExperimentalRoboticsLab-Assignment-1/robocluedo/include/armor_tools/armor_cluedo.h:320: warning: The following parameter of ArmorCluedo::FilterVector(std::vector< std::string > &itemlist) is not documented:
  parameter 'itemlist'
C:/Users/Canfresco/Desktop/UNI/EXPERIMENTAL ROBOTICS LABORATORY/Assignment 1/ExperimentalRoboticsLab-Assignment-1/robocluedo/include/armor_tools/armor_cluedo.h:82: warning: unable to resolve reference to 'ARMOR_DEFAULT_URI' for \ref command
C:/Users/Canfresco/Desktop/UNI/EXPERIMENTAL ROBOTICS LABORATORY/Assignment 1/ExperimentalRoboticsLab-Assignment-1/robocluedo/include/armor_tools/armor_cluedo.h:83: warning: unable to resolve reference to 'ARMOR_DEFAULT_REASONER' for \ref command
C:/Users/Canfresco/Desktop/UNI/EXPERIMENTAL ROBOTICS LABORATORY/Assignment 1/ExperimentalRoboticsLab-Assignment-1/robocluedo/include/armor_tools/armor_cluedo.h:65: warning: unable to resolve reference to 'ARMOR_DEFAULT_DEBUGMODE' for \ref command
C:/Users/Canfresco/Desktop/UNI/EXPERIMENTAL ROBOTICS LABORATORY/Assignment 1/ExperimentalRoboticsLab-Assignment-1/robocluedo/include/armor_tools/armor_cluedo.h:312: warning: argument 'itemList' of command @param is not found in the argument list of ArmorCluedo::FilterVector(std::vector< std::string > &itemlist)
C:/Users/Canfresco/Desktop/UNI/EXPERIMENTAL ROBOTICS LABORATORY/Assignment 1/ExperimentalRoboticsLab-Assignment-1/robocluedo/include/armor_tools/armor_cluedo.h:320: warning: The following parameter of ArmorCluedo::FilterVector(std::vector< std::string > &itemlist) is not documented:
  parameter 'itemlist'
C:/Users/Canfresco/Desktop/UNI/EXPERIMENTAL ROBOTICS LABORATORY/Assignment 1/ExperimentalRoboticsLab-Assignment-1/robocluedo/include/armor_tools/armor_cluedo.h:82: warning: unable to resolve reference to 'ARMOR_DEFAULT_URI' for \ref command
C:/Users/Canfresco/Desktop/UNI/EXPERIMENTAL ROBOTICS LABORATORY/Assignment 1/ExperimentalRoboticsLab-Assignment-1/robocluedo/include/armor_tools/armor_cluedo.h:83: warning: unable to resolve reference to 'ARMOR_DEFAULT_REASONER' for \ref command
C:/Users/Canfresco/Desktop/UNI/EXPERIMENTAL ROBOTICS LABORATORY/Assignment 1/ExperimentalRoboticsLab-Assignment-1/robocluedo/include/armor_tools/armor_tools.h:164: warning: unable to resolve reference to 'ARMOR_SERVICE_SINGLE_REQUEST' for \ref command
C:/Users/Canfresco/Desktop/UNI/EXPERIMENTAL ROBOTICS LABORATORY/Assignment 1/ExperimentalRoboticsLab-Assignment-1/robocluedo/include/armor_tools/armor_tools.h:173: warning: unable to resolve reference to 'ARMOR_SERVICE_MULTIPLE_REQUESTS' for \ref command
C:/Users/Canfresco/Desktop/UNI/EXPERIMENTAL ROBOTICS LABORATORY/Assignment 1/ExperimentalRoboticsLab-Assignment-1/robocluedo/include/armor_tools/armor_tools.h:218: warning: unable to resolve reference to 'ARMOR_DEFAULT_TIMEOUT' for \ref command
C:/Users/Canfresco/Desktop/UNI/EXPERIMENTAL ROBOTICS LABORATORY/Assignment 1/ExperimentalRoboticsLab-Assignment-1/robocluedo/include/armor_tools/armor_tools.h:135: warning: argument 'arg' of command @param is not found in the argument list of ArmorTools::GetRequest(std::string command, std::string first_spec="", std::string second_spec="", std::string arg1="", std::string arg2="", std::string arg3="", std::string arg4="", std::string arg5="")
C:/Users/Canfresco/Desktop/UNI/EXPERIMENTAL ROBOTICS LABORATORY/Assignment 1/ExperimentalRoboticsLab-Assignment-1/robocluedo/include/armor_tools/armor_tools.h:148: warning: The following parameters of ArmorTools::GetRequest(std::string command, std::string first_spec="", std::string second_spec="", std::string arg1="", std::string arg2="", std::string arg3="", std::string arg4="", std::string arg5="") are not documented:
  parameter 'arg1'
  parameter 'arg2'
  parameter 'arg3'
  parameter 'arg4'
  parameter 'arg5'
C:/Users/Canfresco/Desktop/UNI/EXPERIMENTAL ROBOTICS LABORATORY/Assignment 1/ExperimentalRoboticsLab-Assignment-1/robocluedo/include/armor_tools/armor_tools.h:183: warning: argument 'bufferend_reasoner' of command @param is not found in the argument list of ArmorTools::LoadOntology(std::string path, std::string uri=ARMOR_DEFAULT_URI, bool manipulationFlag=true, std::string reasoner=ARMOR_DEFAULT_REASONER, bool buffered_reasoner=true)
C:/Users/Canfresco/Desktop/UNI/EXPERIMENTAL ROBOTICS LABORATORY/Assignment 1/ExperimentalRoboticsLab-Assignment-1/robocluedo/include/armor_tools/armor_tools.h:201: warning: The following parameter of ArmorTools::LoadOntology(std::string path, std::string uri=ARMOR_DEFAULT_URI, bool manipulationFlag=true, std::string reasoner=ARMOR_DEFAULT_REASONER, bool buffered_reasoner=true) is not documented:
  parameter 'buffered_reasoner'
C:/Users/Canfresco/Desktop/UNI/EXPERIMENTAL ROBOTICS LABORATORY/Assignment 1/ExperimentalRoboticsLab-Assignment-1/robocluedo/include/armor_tools/armor_tools.h:378: warning: argument 'arg' of command @param is not found in the argument list of ArmorTools::SendCommand(std::string command, std::string first_spec="", std::string second_spec="", std::string arg1="", std::string arg2="", std::string arg3="", std::string arg4="", std::string arg5="", bool printRequest=false)
C:/Users/Canfresco/Desktop/UNI/EXPERIMENTAL ROBOTICS LABORATORY/Assignment 1/ExperimentalRoboticsLab-Assignment-1/robocluedo/include/armor_tools/armor_tools.h:378: warning: argument 'printResponse' of command @param is not found in the argument list of ArmorTools::SendCommand(std::string command, std::string first_spec="", std::string second_spec="", std::string arg1="", std::string arg2="", std::string arg3="", std::string arg4="", std::string arg5="", bool printRequest=false)
C:/Users/Canfresco/Desktop/UNI/EXPERIMENTAL ROBOTICS LABORATORY/Assignment 1/ExperimentalRoboticsLab-Assignment-1/robocluedo/include/armor_tools/armor_tools.h:389: warning: The following parameters of ArmorTools::SendCommand(std::string command, std::string first_spec="", std::string second_spec="", std::string arg1="", std::string arg2="", std::string arg3="", std::string arg4="", std::string arg5="", bool printRequest=false) are not documented:
  parameter 'arg1'
  parameter 'arg2'
  parameter 'arg3'
  parameter 'arg4'
  parameter 'arg5'
  parameter 'printRequest'
C:/Users/Canfresco/Desktop/UNI/EXPERIMENTAL ROBOTICS LABORATORY/Assignment 1/ExperimentalRoboticsLab-Assignment-1/robocluedo/include/armor_tools/armor_tools.h:164: warning: unable to resolve reference to 'ARMOR_SERVICE_SINGLE_REQUEST' for \ref command
C:/Users/Canfresco/Desktop/UNI/EXPERIMENTAL ROBOTICS LABORATORY/Assignment 1/ExperimentalRoboticsLab-Assignment-1/robocluedo/include/armor_tools/armor_tools.h:173: warning: unable to resolve reference to 'ARMOR_SERVICE_MULTIPLE_REQUESTS' for \ref command
C:/Users/Canfresco/Desktop/UNI/EXPERIMENTAL ROBOTICS LABORATORY/Assignment 1/ExperimentalRoboticsLab-Assignment-1/robocluedo/include/armor_tools/armor_tools.h:218: warning: unable to resolve reference to 'ARMOR_DEFAULT_TIMEOUT' for \ref command
C:/Users/Canfresco/Desktop/UNI/EXPERIMENTAL ROBOTICS LABORATORY/Assignment 1/ExperimentalRoboticsLab-Assignment-1/robocluedo/include/armor_tools/armor_tools.h:135: warning: argument 'arg' of command @param is not found in the argument list of ArmorTools::GetRequest(std::string command, std::string first_spec="", std::string second_spec="", std::string arg1="", std::string arg2="", std::string arg3="", std::string arg4="", std::string arg5="")
C:/Users/Canfresco/Desktop/UNI/EXPERIMENTAL ROBOTICS LABORATORY/Assignment 1/ExperimentalRoboticsLab-Assignment-1/robocluedo/include/armor_tools/armor_tools.h:148: warning: The following parameters of ArmorTools::GetRequest(std::string command, std::string first_spec="", std::string second_spec="", std::string arg1="", std::string arg2="", std::string arg3="", std::string arg4="", std::string arg5="") are not documented:
  parameter 'arg1'
  parameter 'arg2'
  parameter 'arg3'
  parameter 'arg4'
  parameter 'arg5'
C:/Users/Canfresco/Desktop/UNI/EXPERIMENTAL ROBOTICS LABORATORY/Assignment 1/ExperimentalRoboticsLab-Assignment-1/robocluedo/include/armor_tools/armor_tools.h:183: warning: argument 'bufferend_reasoner' of command @param is not found in the argument list of ArmorTools::LoadOntology(std::string path, std::string uri=ARMOR_DEFAULT_URI, bool manipulationFlag=true, std::string reasoner=ARMOR_DEFAULT_REASONER, bool buffered_reasoner=true)
C:/Users/Canfresco/Desktop/UNI/EXPERIMENTAL ROBOTICS LABORATORY/Assignment 1/ExperimentalRoboticsLab-Assignment-1/robocluedo/include/armor_tools/armor_tools.h:201: warning: The following parameter of ArmorTools::LoadOntology(std::string path, std::string uri=ARMOR_DEFAULT_URI, bool manipulationFlag=true, std::string reasoner=ARMOR_DEFAULT_REASONER, bool buffered_reasoner=true) is not documented:
  parameter 'buffered_reasoner'
C:/Users/Canfresco/Desktop/UNI/EXPERIMENTAL ROBOTICS LABORATORY/Assignment 1/ExperimentalRoboticsLab-Assignment-1/robocluedo/include/armor_tools/armor_tools.h:378: warning: argument 'arg' of command @param is not found in the argument list of ArmorTools::SendCommand(std::string command, std::string first_spec="", std::string second_spec="", std::string arg1="", std::string arg2="", std::string arg3="", std::string arg4="", std::string arg5="", bool printRequest=false)
C:/Users/Canfresco/Desktop/UNI/EXPERIMENTAL ROBOTICS LABORATORY/Assignment 1/ExperimentalRoboticsLab-Assignment-1/robocluedo/include/armor_tools/armor_tools.h:378: warning: argument 'printResponse' of command @param is not found in the argument list of ArmorTools::SendCommand(std::string command, std::string first_spec="", std::string second_spec="", std::string arg1="", std::string arg2="", std::string arg3="", std::string arg4="", std::string arg5="", bool printRequest=false)
C:/Users/Canfresco/Desktop/UNI/EXPERIMENTAL ROBOTICS LABORATORY/Assignment 1/ExperimentalRoboticsLab-Assignment-1/robocluedo/include/armor_tools/armor_tools.h:389: warning: The following parameters of ArmorTools::SendCommand(std::string command, std::string first_spec="", std::string second_spec="", std::string arg1="", std::string arg2="", std::string arg3="", std::string arg4="", std::string arg5="", bool printRequest=false) are not documented:
  parameter 'arg1'
  parameter 'arg2'
  parameter 'arg3'
  parameter 'arg4'
  parameter 'arg5'
  parameter 'printRequest'
error: Problems running dot: exit code=-1, command='dot', arguments='"C:/Users/Canfresco/Desktop/UNI/EXPERIMENTAL ROBOTICS LABORATORY/Assignment 1/ExperimentalRoboticsLab-Assignment-1/doxygen/html/a00135.dot" -Tpng -o "C:/Users/Canfresco/Desktop/UNI/EXPERIMENTAL ROBOTICS LABORATORY/Assignment 1/ExperimentalRoboticsLab-Assignment-1/doxygen/html/a00135.png"'
error: Problems running dot: exit code=-1, command='dot', arguments='"C:/Users/Canfresco/Desktop/UNI/EXPERIMENTAL ROBOTICS LABORATORY/Assignment 1/ExperimentalRoboticsLab-Assignment-1/doxygen/html/a00138.dot" -Tpng -o "C:/Users/Canfresco/Desktop/UNI/EXPERIMENTAL ROBOTICS LABORATORY/Assignment 1/ExperimentalRoboticsLab-Assignment-1/doxygen/html/a00138.png"'
error: Problems running dot: exit code=-1, command='dot', arguments='"C:/Users/Canfresco/Desktop/UNI/EXPERIMENTAL ROBOTICS LABORATORY/Assignment 1/ExperimentalRoboticsLab-Assignment-1/doxygen/html/a00150.dot" -Tpng -o "C:/Users/Canfresco/Desktop/UNI/EXPERIMENTAL ROBOTICS LABORATORY/Assignment 1/ExperimentalRoboticsLab-Assignment-1/doxygen/html/a00150.png"'
error: Problems running dot: exit code=-1, command='dot', arguments='"C:/Users/Canfresco/Desktop/UNI/EXPERIMENTAL ROBOTICS LABORATORY/Assignment 1/ExperimentalRoboticsLab-Assignment-1/doxygen/html/a00153.dot" -Tpng -o "C:/Users/Canfresco/Desktop/UNI/EXPERIMENTAL ROBOTICS LABORATORY/Assignment 1/ExperimentalRoboticsLab-Assignment-1/doxygen/html/a00153.png"'
error: Problems running dot: exit code=-1, command='dot', arguments='"C:/Users/Canfresco/Desktop/UNI/EXPERIMENTAL ROBOTICS LABORATORY/Assignment 1/ExperimentalRoboticsLab-Assignment-1/doxygen/html/a00149_a5860d956cf9531e4209e63284e3231c4_a5860d956cf9531e4209e63284e3231c4_icgraph.dot" -Tpng -o "C:/Users/Canfresco/Desktop/UNI/EXPERIMENTAL ROBOTICS LABORATORY/Assignment 1/ExperimentalRoboticsLab-Assignment-1/doxygen/html/a00149_a5860d956cf9531e4209e63284e3231c4_a5860d956cf9531e4209e63284e3231c4_icgraph.png"'
error: Problems running dot: exit code=-1, command='dot', arguments='"C:/Users/Canfresco/Desktop/UNI/EXPERIMENTAL ROBOTICS LABORATORY/Assignment 1/ExperimentalRoboticsLab-Assignment-1/doxygen/html/a00147.dot" -Tpng -o "C:/Users/Canfresco/Desktop/UNI/EXPERIMENTAL ROBOTICS LABORATORY/Assignment 1/ExperimentalRoboticsLab-Assignment-1/doxygen/html/a00147.png"'
error: Problems running dot: exit code=-1, command='dot', arguments='"C:/Users/Canfresco/Desktop/UNI/EXPERIMENTAL ROBOTICS LABORATORY/Assignment 1/ExperimentalRoboticsLab-Assignment-1/doxygen/html/a00091.dot" -Tpng -o "C:/Users/Canfresco/Desktop/UNI/EXPERIMENTAL ROBOTICS LABORATORY/Assignment 1/ExperimentalRoboticsLab-Assignment-1/doxygen/html/a00091.png"'
error: Problems running dot: exit code=-1, command='dot', arguments='"C:/Users/Canfresco/Desktop/UNI/EXPERIMENTAL ROBOTICS LABORATORY/Assignment 1/ExperimentalRoboticsLab-Assignment-1/doxygen/html/a00093.dot" -Tpng -o "C:/Users/Canfresco/Desktop/UNI/EXPERIMENTAL ROBOTICS LABORATORY/Assignment 1/ExperimentalRoboticsLab-Assignment-1/doxygen/html/a00093.png"'
error: Problems running dot: exit code=-1, command='dot', arguments='"C:/Users/Canfresco/Desktop/UNI/EXPERIMENTAL ROBOTICS LABORATORY/Assignment 1/ExperimentalRoboticsLab-Assignment-1/doxygen/html/a00144.dot" -Tpng -o "C:/Users/Canfresco/Desktop/UNI/EXPERIMENTAL ROBOTICS LABORATORY/Assignment 1/ExperimentalRoboticsLab-Assignment-1/doxygen/html/a00144.png"'
error: Problems running dot: exit code=-1, command='dot', arguments='"C:/Users/Canfresco/Desktop/UNI/EXPERIMENTAL ROBOTICS LABORATORY/Assignment 1/ExperimentalRoboticsLab-Assignment-1/doxygen/html/a00090.dot" -Tpng -o "C:/Users/Canfresco/Desktop/UNI/EXPERIMENTAL ROBOTICS LABORATORY/Assignment 1/ExperimentalRoboticsLab-Assignment-1/doxygen/html/a00090.png"'
error: Problems running dot: exit code=-1, command='dot', arguments='"C:/Users/Canfresco/Desktop/UNI/EXPERIMENTAL ROBOTICS LABORATORY/Assignment 1/ExperimentalRoboticsLab-Assignment-1/doxygen/html/a00149_acb2cbc45ef5cb59e465ab42a1f3c4d51_acb2cbc45ef5cb59e465ab42a1f3c4d51_cgraph.dot" -Tpng -o "C:/Users/Canfresco/Desktop/UNI/EXPERIMENTAL ROBOTICS LABORATORY/Assignment 1/ExperimentalRoboticsLab-Assignment-1/doxygen/html/a00149_acb2cbc45ef5cb59e465ab42a1f3c4d51_acb2cbc45ef5cb59e465ab42a1f3c4d51_cgraph.png"'
error: Problems running dot: exit code=-1, command='dot', arguments='"C:/Users/Canfresco/Desktop/UNI/EXPERIMENTAL ROBOTICS LABORATORY/Assignment 1/ExperimentalRoboticsLab-Assignment-1/doxygen/html/a00094.dot" -Tpng -o "C:/Users/Canfresco/Desktop/UNI/EXPERIMENTAL ROBOTICS LABORATORY/Assignment 1/ExperimentalRoboticsLab-Assignment-1/doxygen/html/a00094.png"'
error: Problems running dot: exit code=-1, command='dot', arguments='"C:/Users/Canfresco/Desktop/UNI/EXPERIMENTAL ROBOTICS LABORATORY/Assignment 1/ExperimentalRoboticsLab-Assignment-1/doxygen/html/a00141.dot" -Tpng -o "C:/Users/Canfresco/Desktop/UNI/EXPERIMENTAL ROBOTICS LABORATORY/Assignment 1/ExperimentalRoboticsLab-Assignment-1/doxygen/html/a00141.png"'
error: Problems running dot: exit code=-1, command='dot', arguments='"C:/Users/Canfresco/Desktop/UNI/EXPERIMENTAL ROBOTICS LABORATORY/Assignment 1/ExperimentalRoboticsLab-Assignment-1/doxygen/html/a00189.dot" -Tpng -o "C:/Users/Canfresco/Desktop/UNI/EXPERIMENTAL ROBOTICS LABORATORY/Assignment 1/ExperimentalRoboticsLab-Assignment-1/doxygen/html/a00189.png"'
error: Problems running dot: exit code=-1, command='dot', arguments='"C:/Users/Canfresco/Desktop/UNI/EXPERIMENTAL ROBOTICS LABORATORY/Assignment 1/ExperimentalRoboticsLab-Assignment-1/doxygen/html/a00191_a2086082362b61607798d6f968c263f9e_a2086082362b61607798d6f968c263f9e_cgraph.dot" -Tpng -o "C:/Users/Canfresco/Desktop/UNI/EXPERIMENTAL ROBOTICS LABORATORY/Assignment 1/ExperimentalRoboticsLab-Assignment-1/doxygen/html/a00191_a2086082362b61607798d6f968c263f9e_a2086082362b61607798d6f968c263f9e_cgraph.png"'
error: Problems running dot: exit code=-1, command='dot', arguments='"C:/Users/Canfresco/Desktop/UNI/EXPERIMENTAL ROBOTICS LABORATORY/Assignment 1/ExperimentalRoboticsLab-Assignment-1/doxygen/html/a00191_a580aef3f0bf9dd1affd06c588e731ff5_a580aef3f0bf9dd1affd06c588e731ff5_cgraph.dot" -Tpng -o "C:/Users/Canfresco/Desktop/UNI/EXPERIMENTAL ROBOTICS LABORATORY/Assignment 1/ExperimentalRoboticsLab-Assignment-1/doxygen/html/a00191_a580aef3f0bf9dd1affd06c588e731ff5_a580aef3f0bf9dd1affd06c588e731ff5_cgraph.png"'
error: Problems running dot: exit code=-1, command='dot', arguments='"C:/Users/Canfresco/Desktop/UNI/EXPERIMENTAL ROBOTICS LABORATORY/Assignment 1/ExperimentalRoboticsLab-Assignment-1/doxygen/html/a00191_a66ce2d9f5c665ab14761233b32ab1ec6_a66ce2d9f5c665ab14761233b32ab1ec6_cgraph.dot" -Tpng -o "C:/Users/Canfresco/Desktop/UNI/EXPERIMENTAL ROBOTICS LABORATORY/Assignment 1/ExperimentalRoboticsLab-Assignment-1/doxygen/html/a00191_a66ce2d9f5c665ab14761233b32ab1ec6_a66ce2d9f5c665ab14761233b32ab1ec6_cgraph.png"'
error: Problems running dot: exit code=-1, command='dot', arguments='"C:/Users/Canfresco/Desktop/UNI/EXPERIMENTAL ROBOTICS LABORATORY/Assignment 1/ExperimentalRoboticsLab-Assignment-1/doxygen/html/a00191_a6f824ec2cf4759952145f7f1d11e516c_a6f824ec2cf4759952145f7f1d11e516c_icgraph.dot" -Tpng -o "C:/Users/Canfresco/Desktop/UNI/EXPERIMENTAL ROBOTICS LABORATORY/Assignment 1/ExperimentalRoboticsLab-Assignment-1/doxygen/html/a00191_a6f824ec2cf4759952145f7f1d11e516c_a6f824ec2cf4759952145f7f1d11e516c_icgraph.png"'
error: Problems running dot: exit code=-1, command='dot', arguments='"C:/Users/Canfresco/Desktop/UNI/EXPERIMENTAL ROBOTICS LABORATORY/Assignment 1/ExperimentalRoboticsLab-Assignment-1/doxygen/html/a00191_a2086082362b61607798d6f968c263f9e_a2086082362b61607798d6f968c263f9e_icgraph.dot" -Tpng -o "C:/Users/Canfresco/Desktop/UNI/EXPERIMENTAL ROBOTICS LABORATORY/Assignment 1/ExperimentalRoboticsLab-Assignment-1/doxygen/html/a00191_a2086082362b61607798d6f968c263f9e_a2086082362b61607798d6f968c263f9e_icgraph.png"'
error: Problems running dot: exit code=-1, command='dot', arguments='"C:/Users/Canfresco/Desktop/UNI/EXPERIMENTAL ROBOTICS LABORATORY/Assignment 1/ExperimentalRoboticsLab-Assignment-1/doxygen/html/a00191_aaf1832ed634a017c48e26c48f58c5f68_aaf1832ed634a017c48e26c48f58c5f68_cgraph.dot" -Tpng -o "C:/Users/Canfresco/Desktop/UNI/EXPERIMENTAL ROBOTICS LABORATORY/Assignment 1/ExperimentalRoboticsLab-Assignment-1/doxygen/html/a00191_aaf1832ed634a017c48e26c48f58c5f68_aaf1832ed634a017c48e26c48f58c5f68_cgraph.png"'
error: Problems running dot: exit code=-1, command='dot', arguments='"C:/Users/Canfresco/Desktop/UNI/EXPERIMENTAL ROBOTICS LABORATORY/Assignment 1/ExperimentalRoboticsLab-Assignment-1/doxygen/html/a00190.dot" -Tpng -o "C:/Users/Canfresco/Desktop/UNI/EXPERIMENTAL ROBOTICS LABORATORY/Assignment 1/ExperimentalRoboticsLab-Assignment-1/doxygen/html/a00190.png"'
error: Problems running dot: exit code=-1, command='dot', arguments='"C:/Users/Canfresco/Desktop/UNI/EXPERIMENTAL ROBOTICS LABORATORY/Assignment 1/ExperimentalRoboticsLab-Assignment-1/doxygen/html/a00191_ad29930fec7803aed87b7244e73b98bff_ad29930fec7803aed87b7244e73b98bff_cgraph.dot" -Tpng -o "C:/Users/Canfresco/Desktop/UNI/EXPERIMENTAL ROBOTICS LABORATORY/Assignment 1/ExperimentalRoboticsLab-Assignment-1/doxygen/html/a00191_ad29930fec7803aed87b7244e73b98bff_ad29930fec7803aed87b7244e73b98bff_cgraph.png"'
error: Problems running dot: exit code=-1, command='dot', arguments='"C:/Users/Canfresco/Desktop/UNI/EXPERIMENTAL ROBOTICS LABORATORY/Assignment 1/ExperimentalRoboticsLab-Assignment-1/doxygen/html/a00191_a4ae659375e7a6d9564973718ece248e2_a4ae659375e7a6d9564973718ece248e2_cgraph.dot" -Tpng -o "C:/Users/Canfresco/Desktop/UNI/EXPERIMENTAL ROBOTICS LABORATORY/Assignment 1/ExperimentalRoboticsLab-Assignment-1/doxygen/html/a00191_a4ae659375e7a6d9564973718ece248e2_a4ae659375e7a6d9564973718ece248e2_cgraph.png"'
error: Problems running dot: exit code=-1, command='dot', arguments='"C:/Users/Canfresco/Desktop/UNI/EXPERIMENTAL ROBOTICS LABORATORY/Assignment 1/ExperimentalRoboticsLab-Assignment-1/doxygen/html/a00191_ad179234fd676874a09c267abb416d2da_ad179234fd676874a09c267abb416d2da_cgraph.dot" -Tpng -o "C:/Users/Canfresco/Desktop/UNI/EXPERIMENTAL ROBOTICS LABORATORY/Assignment 1/ExperimentalRoboticsLab-Assignment-1/doxygen/html/a00191_ad179234fd676874a09c267abb416d2da_ad179234fd676874a09c267abb416d2da_cgraph.png"'
error: Problems running dot: exit code=-1, command='dot', arguments='"C:/Users/Canfresco/Desktop/UNI/EXPERIMENTAL ROBOTICS LABORATORY/Assignment 1/ExperimentalRoboticsLab-Assignment-1/doxygen/html/a00191_afef8229a755f495f008bfe4630a745fa_afef8229a755f495f008bfe4630a745fa_cgraph.dot" -Tpng -o "C:/Users/Canfresco/Desktop/UNI/EXPERIMENTAL ROBOTICS LABORATORY/Assignment 1/ExperimentalRoboticsLab-Assignment-1/doxygen/html/a00191_afef8229a755f495f008bfe4630a745fa_afef8229a755f495f008bfe4630a745fa_cgraph.png"'
error: Problems running dot: exit code=-1, command='dot', arguments='"C:/Users/Canfresco/Desktop/UNI/EXPERIMENTAL ROBOTICS LABORATORY/Assignment 1/ExperimentalRoboticsLab-Assignment-1/doxygen/html/a00191_afef8229a755f495f008bfe4630a745fa_afef8229a755f495f008bfe4630a745fa_icgraph.dot" -Tpng -o "C:/Users/Canfresco/Desktop/UNI/EXPERIMENTAL ROBOTICS LABORATORY/Assignment 1/ExperimentalRoboticsLab-Assignment-1/doxygen/html/a00191_afef8229a755f495f008bfe4630a745fa_afef8229a755f495f008bfe4630a745fa_icgraph.png"'
error: Problems running dot: exit code=-1, command='dot', arguments='"C:/Users/Canfresco/Desktop/UNI/EXPERIMENTAL ROBOTICS LABORATORY/Assignment 1/ExperimentalRoboticsLab-Assignment-1/doxygen/html/a00191_a49216d015f97a9d510406a90e8c1fe30_a49216d015f97a9d510406a90e8c1fe30_cgraph.dot" -Tpng -o "C:/Users/Canfresco/Desktop/UNI/EXPERIMENTAL ROBOTICS LABORATORY/Assignment 1/ExperimentalRoboticsLab-Assignment-1/doxygen/html/a00191_a49216d015f97a9d510406a90e8c1fe30_a49216d015f97a9d510406a90e8c1fe30_cgraph.png"'
error: Problems running dot: exit code=-1, command='dot', arguments='"C:/Users/Canfresco/Desktop/UNI/EXPERIMENTAL ROBOTICS LABORATORY/Assignment 1/ExperimentalRoboticsLab-Assignment-1/doxygen/html/a00195_a2ca77741de4c8883b5be0d661f6b1320_a2ca77741de4c8883b5be0d661f6b1320_icgraph.dot" -Tpng -o "C:/Users/Canfresco/Desktop/UNI/EXPERIMENTAL ROBOTICS LABORATORY/Assignment 1/ExperimentalRoboticsLab-Assignment-1/doxygen/html/a00195_a2ca77741de4c8883b5be0d661f6b1320_a2ca77741de4c8883b5be0d661f6b1320_icgraph.png"'
error: Problems running dot: exit code=-1, command='dot', arguments='"C:/Users/Canfresco/Desktop/UNI/EXPERIMENTAL ROBOTICS LABORATORY/Assignment 1/ExperimentalRoboticsLab-Assignment-1/doxygen/html/a00193.dot" -Tpng -o "C:/Users/Canfresco/Desktop/UNI/EXPERIMENTAL ROBOTICS LABORATORY/Assignment 1/ExperimentalRoboticsLab-Assignment-1/doxygen/html/a00193.png"'
error: Problems running dot: exit code=-1, command='dot', arguments='"C:/Users/Canfresco/Desktop/UNI/EXPERIMENTAL ROBOTICS LABORATORY/Assignment 1/ExperimentalRoboticsLab-Assignment-1/doxygen/html/a00156.dot" -Tpng -o "C:/Users/Canfresco/Desktop/UNI/EXPERIMENTAL ROBOTICS LABORATORY/Assignment 1/ExperimentalRoboticsLab-Assignment-1/doxygen/html/a00156.png"'
error: Problems running dot: exit code=-1, command='dot', arguments='"C:/Users/Canfresco/Desktop/UNI/EXPERIMENTAL ROBOTICS LABORATORY/Assignment 1/ExperimentalRoboticsLab-Assignment-1/doxygen/html/a00195_a34d27d93c2faec3d3de3ba24d08f436b_a34d27d93c2faec3d3de3ba24d08f436b_icgraph.dot" -Tpng -o "C:/Users/Canfresco/Desktop/UNI/EXPERIMENTAL ROBOTICS LABORATORY/Assignment 1/ExperimentalRoboticsLab-Assignment-1/doxygen/html/a00195_a34d27d93c2faec3d3de3ba24d08f436b_a34d27d93c2faec3d3de3ba24d08f436b_icgraph.png"'
error: Problems running dot: exit code=-1, command='dot', arguments='"C:/Users/Canfresco/Desktop/UNI/EXPERIMENTAL ROBOTICS LABORATORY/Assignment 1/ExperimentalRoboticsLab-Assignment-1/doxygen/html/a00194.dot" -Tpng -o "C:/Users/Canfresco/Desktop/UNI/EXPERIMENTAL ROBOTICS LABORATORY/Assignment 1/ExperimentalRoboticsLab-Assignment-1/doxygen/html/a00194.png"'
error: Problems running dot: exit code=-1, command='dot', arguments='"C:/Users/Canfresco/Desktop/UNI/EXPERIMENTAL ROBOTICS LABORATORY/Assignment 1/ExperimentalRoboticsLab-Assignment-1/doxygen/html/a00195_a356ca7809be690be0a70a1ae33a850a8_a356ca7809be690be0a70a1ae33a850a8_icgraph.dot" -Tpng -o "C:/Users/Canfresco/Desktop/UNI/EXPERIMENTAL ROBOTICS LABORATORY/Assignment 1/ExperimentalRoboticsLab-Assignment-1/doxygen/html/a00195_a356ca7809be690be0a70a1ae33a850a8_a356ca7809be690be0a70a1ae33a850a8_icgraph.png"'
error: Problems running dot: exit code=-1, command='dot', arguments='"C:/Users/Canfresco/Desktop/UNI/EXPERIMENTAL ROBOTICS LABORATORY/Assignment 1/ExperimentalRoboticsLab-Assignment-1/doxygen/html/a00195_a451163e1278ec49f4d214b33111d166d_a451163e1278ec49f4d214b33111d166d_icgraph.dot" -Tpng -o "C:/Users/Canfresco/Desktop/UNI/EXPERIMENTAL ROBOTICS LABORATORY/Assignment 1/ExperimentalRoboticsLab-Assignment-1/doxygen/html/a00195_a451163e1278ec49f4d214b33111d166d_a451163e1278ec49f4d214b33111d166d_icgraph.png"'
error: Problems running dot: exit code=-1, command='dot', arguments='"C:/Users/Canfresco/Desktop/UNI/EXPERIMENTAL ROBOTICS LABORATORY/Assignment 1/ExperimentalRoboticsLab-Assignment-1/doxygen/html/a00191_a76a60417cfc01397a6db462904139873_a76a60417cfc01397a6db462904139873_cgraph.dot" -Tpng -o "C:/Users/Canfresco/Desktop/UNI/EXPERIMENTAL ROBOTICS LABORATORY/Assignment 1/ExperimentalRoboticsLab-Assignment-1/doxygen/html/a00191_a76a60417cfc01397a6db462904139873_a76a60417cfc01397a6db462904139873_cgraph.png"'
error: Problems running dot: exit code=-1, command='dot', arguments='"C:/Users/Canfresco/Desktop/UNI/EXPERIMENTAL ROBOTICS LABORATORY/Assignment 1/ExperimentalRoboticsLab-Assignment-1/doxygen/html/a00195_ad98c8e33df5d1ef3e4c69051ac0dd7ab_ad98c8e33df5d1ef3e4c69051ac0dd7ab_cgraph.dot" -Tpng -o "C:/Users/Canfresco/Desktop/UNI/EXPERIMENTAL ROBOTICS LABORATORY/Assignment 1/ExperimentalRoboticsLab-Assignment-1/doxygen/html/a00195_ad98c8e33df5d1ef3e4c69051ac0dd7ab_ad98c8e33df5d1ef3e4c69051ac0dd7ab_cgraph.png"'
error: Problems running dot: exit code=-1, command='dot', arguments='"C:/Users/Canfresco/Desktop/UNI/EXPERIMENTAL ROBOTICS LABORATORY/Assignment 1/ExperimentalRoboticsLab-Assignment-1/doxygen/html/a00191_ab278ac3aaffc4c6aceaf3bfb8d5186af_ab278ac3aaffc4c6aceaf3bfb8d5186af_cgraph.dot" -Tpng -o "C:/Users/Canfresco/Desktop/UNI/EXPERIMENTAL ROBOTICS LABORATORY/Assignment 1/ExperimentalRoboticsLab-Assignment-1/doxygen/html/a00191_ab278ac3aaffc4c6aceaf3bfb8d5186af_ab278ac3aaffc4c6aceaf3bfb8d5186af_cgraph.png"'
error: Problems running dot: exit code=-1, command='dot', arguments='"C:/Users/Canfresco/Desktop/UNI/EXPERIMENTAL ROBOTICS LABORATORY/Assignment 1/ExperimentalRoboticsLab-Assignment-1/doxygen/html/a00195_aa83ea5e064db6dc46c9056ddeeaabbc4_aa83ea5e064db6dc46c9056ddeeaabbc4_icgraph.dot" -Tpng -o "C:/Users/Canfresco/Desktop/UNI/EXPERIMENTAL ROBOTICS LABORATORY/Assignment 1/ExperimentalRoboticsLab-Assignment-1/doxygen/html/a00195_aa83ea5e064db6dc46c9056ddeeaabbc4_aa83ea5e064db6dc46c9056ddeeaabbc4_icgraph.png"'
error: Problems running dot: exit code=-1, command='dot', arguments='"C:/Users/Canfresco/Desktop/UNI/EXPERIMENTAL ROBOTICS LABORATORY/Assignment 1/ExperimentalRoboticsLab-Assignment-1/doxygen/html/a00195_ab03c54208a11edf3e3690ba07f0cef5b_ab03c54208a11edf3e3690ba07f0cef5b_icgraph.dot" -Tpng -o "C:/Users/Canfresco/Desktop/UNI/EXPERIMENTAL ROBOTICS LABORATORY/Assignment 1/ExperimentalRoboticsLab-Assignment-1/doxygen/html/a00195_ab03c54208a11edf3e3690ba07f0cef5b_ab03c54208a11edf3e3690ba07f0cef5b_icgraph.png"'
error: Problems running dot: exit code=-1, command='dot', arguments='"C:/Users/Canfresco/Desktop/UNI/EXPERIMENTAL ROBOTICS LABORATORY/Assignment 1/ExperimentalRoboticsLab-Assignment-1/doxygen/html/a00195_a75474b9c35cbdcfedd382939c1699247_a75474b9c35cbdcfedd382939c1699247_icgraph.dot" -Tpng -o "C:/Users/Canfresco/Desktop/UNI/EXPERIMENTAL ROBOTICS LABORATORY/Assignment 1/ExperimentalRoboticsLab-Assignment-1/doxygen/html/a00195_a75474b9c35cbdcfedd382939c1699247_a75474b9c35cbdcfedd382939c1699247_icgraph.png"'
error: Problems running dot: exit code=-1, command='dot', arguments='"C:/Users/Canfresco/Desktop/UNI/EXPERIMENTAL ROBOTICS LABORATORY/Assignment 1/ExperimentalRoboticsLab-Assignment-1/doxygen/html/a00195_ad98c8e33df5d1ef3e4c69051ac0dd7ab_ad98c8e33df5d1ef3e4c69051ac0dd7ab_icgraph.dot" -Tpng -o "C:/Users/Canfresco/Desktop/UNI/EXPERIMENTAL ROBOTICS LABORATORY/Assignment 1/ExperimentalRoboticsLab-Assignment-1/doxygen/html/a00195_ad98c8e33df5d1ef3e4c69051ac0dd7ab_ad98c8e33df5d1ef3e4c69051ac0dd7ab_icgraph.png"'
error: Problems running dot: exit code=-1, command='dot', arguments='"C:/Users/Canfresco/Desktop/UNI/EXPERIMENTAL ROBOTICS LABORATORY/Assignment 1/ExperimentalRoboticsLab-Assignment-1/doxygen/html/a00195_a6033ed90283ec6c78a2bc2b0106d0461_a6033ed90283ec6c78a2bc2b0106d0461_icgraph.dot" -Tpng -o "C:/Users/Canfresco/Desktop/UNI/EXPERIMENTAL ROBOTICS LABORATORY/Assignment 1/ExperimentalRoboticsLab-Assignment-1/doxygen/html/a00195_a6033ed90283ec6c78a2bc2b0106d0461_a6033ed90283ec6c78a2bc2b0106d0461_icgraph.png"'
error: Problems running dot: exit code=-1, command='dot', arguments='"C:/Users/Canfresco/Desktop/UNI/EXPERIMENTAL ROBOTICS LABORATORY/Assignment 1/ExperimentalRoboticsLab-Assignment-1/doxygen/html/a00197.dot" -Tpng -o "C:/Users/Canfresco/Desktop/UNI/EXPERIMENTAL ROBOTICS LABORATORY/Assignment 1/ExperimentalRoboticsLab-Assignment-1/doxygen/html/a00197.png"'
error: Problems running dot: exit code=-1, command='dot', arguments='"C:/Users/Canfresco/Desktop/UNI/EXPERIMENTAL ROBOTICS LABORATORY/Assignment 1/ExperimentalRoboticsLab-Assignment-1/doxygen/html/a00205.dot" -Tpng -o "C:/Users/Canfresco/Desktop/UNI/EXPERIMENTAL ROBOTICS LABORATORY/Assignment 1/ExperimentalRoboticsLab-Assignment-1/doxygen/html/a00205.png"'
error: Problems running dot: exit code=-1, command='dot', arguments='"C:/Users/Canfresco/Desktop/UNI/EXPERIMENTAL ROBOTICS LABORATORY/Assignment 1/ExperimentalRoboticsLab-Assignment-1/doxygen/html/a00217.dot" -Tpng -o "C:/Users/Canfresco/Desktop/UNI/EXPERIMENTAL ROBOTICS LABORATORY/Assignment 1/ExperimentalRoboticsLab-Assignment-1/doxygen/html/a00217.png"'
error: Problems running dot: exit code=-1, command='dot', arguments='"C:/Users/Canfresco/Desktop/UNI/EXPERIMENTAL ROBOTICS LABORATORY/Assignment 1/ExperimentalRoboticsLab-Assignment-1/doxygen/html/a00213.dot" -Tpng -o "C:/Users/Canfresco/Desktop/UNI/EXPERIMENTAL ROBOTICS LABORATORY/Assignment 1/ExperimentalRoboticsLab-Assignment-1/doxygen/html/a00213.png"'
error: Problems running dot: exit code=-1, command='dot', arguments='"C:/Users/Canfresco/Desktop/UNI/EXPERIMENTAL ROBOTICS LABORATORY/Assignment 1/ExperimentalRoboticsLab-Assignment-1/doxygen/html/dir_c1ce3cba60af0466b6677e615d7174e7_dep.dot" -Tpng -o "C:/Users/Canfresco/Desktop/UNI/EXPERIMENTAL ROBOTICS LABORATORY/Assignment 1/ExperimentalRoboticsLab-Assignment-1/doxygen/html/dir_c1ce3cba60af0466b6677e615d7174e7_dep.png"'
error: Problems running dot: exit code=-1, command='dot', arguments='"C:/Users/Canfresco/Desktop/UNI/EXPERIMENTAL ROBOTICS LABORATORY/Assignment 1/ExperimentalRoboticsLab-Assignment-1/doxygen/html/a00209.dot" -Tpng -o "C:/Users/Canfresco/Desktop/UNI/EXPERIMENTAL ROBOTICS LABORATORY/Assignment 1/ExperimentalRoboticsLab-Assignment-1/doxygen/html/a00209.png"'
error: Problems running dot: exit code=-1, command='dot', arguments='"C:/Users/Canfresco/Desktop/UNI/EXPERIMENTAL ROBOTICS LABORATORY/Assignment 1/ExperimentalRoboticsLab-Assignment-1/doxygen/html/a00201.dot" -Tpng -o "C:/Users/Canfresco/Desktop/UNI/EXPERIMENTAL ROBOTICS LABORATORY/Assignment 1/ExperimentalRoboticsLab-Assignment-1/doxygen/html/a00201.png"'
error: Problems running dot: exit code=-1, command='dot', arguments='"C:/Users/Canfresco/Desktop/UNI/EXPERIMENTAL ROBOTICS LABORATORY/Assignment 1/ExperimentalRoboticsLab-Assignment-1/doxygen/html/dir_de323672ed973e86de5e52a85df0cc0b_dep.dot" -Tpng -o "C:/Users/Canfresco/Desktop/UNI/EXPERIMENTAL ROBOTICS LABORATORY/Assignment 1/ExperimentalRoboticsLab-Assignment-1/doxygen/html/dir_de323672ed973e86de5e52a85df0cc0b_dep.png"'
error: Problems running dot: exit code=-1, command='dot', arguments='"C:/Users/Canfresco/Desktop/UNI/EXPERIMENTAL ROBOTICS LABORATORY/Assignment 1/ExperimentalRoboticsLab-Assignment-1/doxygen/html/dir_ec26e8507ab2869084237022eb595cc7_dep.dot" -Tpng -o "C:/Users/Canfresco/Desktop/UNI/EXPERIMENTAL ROBOTICS LABORATORY/Assignment 1/ExperimentalRoboticsLab-Assignment-1/doxygen/html/dir_ec26e8507ab2869084237022eb595cc7_dep.png"'
error: Problems running dot: exit code=-1, command='dot', arguments='"C:/Users/Canfresco/Desktop/UNI/EXPERIMENTAL ROBOTICS LABORATORY/Assignment 1/ExperimentalRoboticsLab-Assignment-1/doxygen/html/dir_0530d91c25da38928ceb5c0019b84e46_dep.dot" -Tpng -o "C:/Users/Canfresco/Desktop/UNI/EXPERIMENTAL ROBOTICS LABORATORY/Assignment 1/ExperimentalRoboticsLab-Assignment-1/doxygen/html/dir_0530d91c25da38928ceb5c0019b84e46_dep.png"'
error: Problems running dot: exit code=-1, command='dot', arguments='"C:/Users/Canfresco/Desktop/UNI/EXPERIMENTAL ROBOTICS LABORATORY/Assignment 1/ExperimentalRoboticsLab-Assignment-1/doxygen/html/graph_legend.dot" -Tpng -o "C:/Users/Canfresco/Desktop/UNI/EXPERIMENTAL ROBOTICS LABORATORY/Assignment 1/ExperimentalRoboticsLab-Assignment-1/doxygen/html/graph_legend.png"'
error: Problems running dot: exit code=-1, command='dot', arguments='"C:/Users/Canfresco/Desktop/UNI/EXPERIMENTAL ROBOTICS LABORATORY/Assignment 1/ExperimentalRoboticsLab-Assignment-1/doxygen/html/inherit_graph_2.dot" -Tpng -o "C:/Users/Canfresco/Desktop/UNI/EXPERIMENTAL ROBOTICS LABORATORY/Assignment 1/ExperimentalRoboticsLab-Assignment-1/doxygen/html/inherit_graph_2.png"'
error: Problems running dot: exit code=-1, command='dot', arguments='"C:/Users/Canfresco/Desktop/UNI/EXPERIMENTAL ROBOTICS LABORATORY/Assignment 1/ExperimentalRoboticsLab-Assignment-1/doxygen/html/inherit_graph_1.dot" -Tpng -o "C:/Users/Canfresco/Desktop/UNI/EXPERIMENTAL ROBOTICS LABORATORY/Assignment 1/ExperimentalRoboticsLab-Assignment-1/doxygen/html/inherit_graph_1.png"'
error: Problems running dot: exit code=-1, command='dot', arguments='"C:/Users/Canfresco/Desktop/UNI/EXPERIMENTAL ROBOTICS LABORATORY/Assignment 1/ExperimentalRoboticsLab-Assignment-1/doxygen/html/dir_4ac2bbdaf5848812856158bd323f30d5_dep.dot" -Tpng -o "C:/Users/Canfresco/Desktop/UNI/EXPERIMENTAL ROBOTICS LABORATORY/Assignment 1/ExperimentalRoboticsLab-Assignment-1/doxygen/html/dir_4ac2bbdaf5848812856158bd323f30d5_dep.png"'
error: Problems running dot: exit code=-1, command='dot', arguments='"C:/Users/Canfresco/Desktop/UNI/EXPERIMENTAL ROBOTICS LABORATORY/Assignment 1/ExperimentalRoboticsLab-Assignment-1/doxygen/html/inherit_graph_3.dot" -Tpng -o "C:/Users/Canfresco/Desktop/UNI/EXPERIMENTAL ROBOTICS LABORATORY/Assignment 1/ExperimentalRoboticsLab-Assignment-1/doxygen/html/inherit_graph_3.png"'
error: Problems running dot: exit code=-1, command='dot', arguments='"C:/Users/Canfresco/Desktop/UNI/EXPERIMENTAL ROBOTICS LABORATORY/Assignment 1/ExperimentalRoboticsLab-Assignment-1/doxygen/html/inherit_graph_5.dot" -Tpng -o "C:/Users/Canfresco/Desktop/UNI/EXPERIMENTAL ROBOTICS LABORATORY/Assignment 1/ExperimentalRoboticsLab-Assignment-1/doxygen/html/inherit_graph_5.png"'
error: Problems running dot: exit code=-1, command='dot', arguments='"C:/Users/Canfresco/Desktop/UNI/EXPERIMENTAL ROBOTICS LABORATORY/Assignment 1/ExperimentalRoboticsLab-Assignment-1/doxygen/html/inherit_graph_6.dot" -Tpng -o "C:/Users/Canfresco/Desktop/UNI/EXPERIMENTAL ROBOTICS LABORATORY/Assignment 1/ExperimentalRoboticsLab-Assignment-1/doxygen/html/inherit_graph_6.png"'
error: Problems running dot: exit code=-1, command='dot', arguments='"C:/Users/Canfresco/Desktop/UNI/EXPERIMENTAL ROBOTICS LABORATORY/Assignment 1/ExperimentalRoboticsLab-Assignment-1/doxygen/html/inherit_graph_4.dot" -Tpng -o "C:/Users/Canfresco/Desktop/UNI/EXPERIMENTAL ROBOTICS LABORATORY/Assignment 1/ExperimentalRoboticsLab-Assignment-1/doxygen/html/inherit_graph_4.png"'
error: Problems running dot: exit code=-1, command='dot', arguments='"C:/Users/Canfresco/Desktop/UNI/EXPERIMENTAL ROBOTICS LABORATORY/Assignment 1/ExperimentalRoboticsLab-Assignment-1/doxygen/html/inherit_graph_0.dot" -Tpng -o "C:/Users/Canfresco/Desktop/UNI/EXPERIMENTAL ROBOTICS LABORATORY/Assignment 1/ExperimentalRoboticsLab-Assignment-1/doxygen/html/inherit_graph_0.png"'
error: problems opening map file C:/Users/Canfresco/Desktop/UNI/EXPERIMENTAL ROBOTICS LABORATORY/Assignment 1/ExperimentalRoboticsLab-Assignment-1/doxygen/html/a00090.map for inclusion in the docs!
If you installed Graphviz/dot after a previous failing run, 
try deleting the output directory and rerun doxygen.
error: problems opening map file C:/Users/Canfresco/Desktop/UNI/EXPERIMENTAL ROBOTICS LABORATORY/Assignment 1/ExperimentalRoboticsLab-Assignment-1/doxygen/html/a00091.map for inclusion in the docs!
If you installed Graphviz/dot after a previous failing run, 
try deleting the output directory and rerun doxygen.
error: problems opening map file C:/Users/Canfresco/Desktop/UNI/EXPERIMENTAL ROBOTICS LABORATORY/Assignment 1/ExperimentalRoboticsLab-Assignment-1/doxygen/html/a00093.map for inclusion in the docs!
If you installed Graphviz/dot after a previous failing run, 
try deleting the output directory and rerun doxygen.
error: problems opening map file C:/Users/Canfresco/Desktop/UNI/EXPERIMENTAL ROBOTICS LABORATORY/Assignment 1/ExperimentalRoboticsLab-Assignment-1/doxygen/html/a00094.map for inclusion in the docs!
If you installed Graphviz/dot after a previous failing run, 
try deleting the output directory and rerun doxygen.
error: problems opening map file C:/Users/Canfresco/Desktop/UNI/EXPERIMENTAL ROBOTICS LABORATORY/Assignment 1/ExperimentalRoboticsLab-Assignment-1/doxygen/html/a00135.map for inclusion in the docs!
If you installed Graphviz/dot after a previous failing run, 
try deleting the output directory and rerun doxygen.
error: problems opening map file C:/Users/Canfresco/Desktop/UNI/EXPERIMENTAL ROBOTICS LABORATORY/Assignment 1/ExperimentalRoboticsLab-Assignment-1/doxygen/html/a00138.map for inclusion in the docs!
If you installed Graphviz/dot after a previous failing run, 
try deleting the output directory and rerun doxygen.
error: problems opening map file C:/Users/Canfresco/Desktop/UNI/EXPERIMENTAL ROBOTICS LABORATORY/Assignment 1/ExperimentalRoboticsLab-Assignment-1/doxygen/html/a00141.map for inclusion in the docs!
If you installed Graphviz/dot after a previous failing run, 
try deleting the output directory and rerun doxygen.
error: problems opening map file C:/Users/Canfresco/Desktop/UNI/EXPERIMENTAL ROBOTICS LABORATORY/Assignment 1/ExperimentalRoboticsLab-Assignment-1/doxygen/html/a00144.map for inclusion in the docs!
If you installed Graphviz/dot after a previous failing run, 
try deleting the output directory and rerun doxygen.
error: problems opening map file C:/Users/Canfresco/Desktop/UNI/EXPERIMENTAL ROBOTICS LABORATORY/Assignment 1/ExperimentalRoboticsLab-Assignment-1/doxygen/html/a00147.map for inclusion in the docs!
If you installed Graphviz/dot after a previous failing run, 
try deleting the output directory and rerun doxygen.
error: problems opening map file C:/Users/Canfresco/Desktop/UNI/EXPERIMENTAL ROBOTICS LABORATORY/Assignment 1/ExperimentalRoboticsLab-Assignment-1/doxygen/html/a00150.map for inclusion in the docs!
If you installed Graphviz/dot after a previous failing run, 
try deleting the output directory and rerun doxygen.
error: problems opening map file C:/Users/Canfresco/Desktop/UNI/EXPERIMENTAL ROBOTICS LABORATORY/Assignment 1/ExperimentalRoboticsLab-Assignment-1/doxygen/html/a00149_a5860d956cf9531e4209e63284e3231c4_a5860d956cf9531e4209e63284e3231c4_icgraph.map for inclusion in the docs!
If you installed Graphviz/dot after a previous failing run, 
try deleting the output directory and rerun doxygen.
error: problems opening map file C:/Users/Canfresco/Desktop/UNI/EXPERIMENTAL ROBOTICS LABORATORY/Assignment 1/ExperimentalRoboticsLab-Assignment-1/doxygen/html/a00149_acb2cbc45ef5cb59e465ab42a1f3c4d51_acb2cbc45ef5cb59e465ab42a1f3c4d51_cgraph.map for inclusion in the docs!
If you installed Graphviz/dot after a previous failing run, 
try deleting the output directory and rerun doxygen.
error: problems opening map file C:/Users/Canfresco/Desktop/UNI/EXPERIMENTAL ROBOTICS LABORATORY/Assignment 1/ExperimentalRoboticsLab-Assignment-1/doxygen/html/a00153.map for inclusion in the docs!
If you installed Graphviz/dot after a previous failing run, 
try deleting the output directory and rerun doxygen.
error: problems opening map file C:/Users/Canfresco/Desktop/UNI/EXPERIMENTAL ROBOTICS LABORATORY/Assignment 1/ExperimentalRoboticsLab-Assignment-1/doxygen/html/a00156.map for inclusion in the docs!
If you installed Graphviz/dot after a previous failing run, 
try deleting the output directory and rerun doxygen.
error: problems opening map file C:/Users/Canfresco/Desktop/UNI/EXPERIMENTAL ROBOTICS LABORATORY/Assignment 1/ExperimentalRoboticsLab-Assignment-1/doxygen/html/a00190.map for inclusion in the docs!
If you installed Graphviz/dot after a previous failing run, 
try deleting the output directory and rerun doxygen.
error: problems opening map file C:/Users/Canfresco/Desktop/UNI/EXPERIMENTAL ROBOTICS LABORATORY/Assignment 1/ExperimentalRoboticsLab-Assignment-1/doxygen/html/a00189.map for inclusion in the docs!
If you installed Graphviz/dot after a previous failing run, 
try deleting the output directory and rerun doxygen.
error: problems opening map file C:/Users/Canfresco/Desktop/UNI/EXPERIMENTAL ROBOTICS LABORATORY/Assignment 1/ExperimentalRoboticsLab-Assignment-1/doxygen/html/a00191_a2086082362b61607798d6f968c263f9e_a2086082362b61607798d6f968c263f9e_cgraph.map for inclusion in the docs!
If you installed Graphviz/dot after a previous failing run, 
try deleting the output directory and rerun doxygen.
error: problems opening map file C:/Users/Canfresco/Desktop/UNI/EXPERIMENTAL ROBOTICS LABORATORY/Assignment 1/ExperimentalRoboticsLab-Assignment-1/doxygen/html/a00191_a2086082362b61607798d6f968c263f9e_a2086082362b61607798d6f968c263f9e_icgraph.map for inclusion in the docs!
If you installed Graphviz/dot after a previous failing run, 
try deleting the output directory and rerun doxygen.
error: problems opening map file C:/Users/Canfresco/Desktop/UNI/EXPERIMENTAL ROBOTICS LABORATORY/Assignment 1/ExperimentalRoboticsLab-Assignment-1/doxygen/html/a00191_a49216d015f97a9d510406a90e8c1fe30_a49216d015f97a9d510406a90e8c1fe30_cgraph.map for inclusion in the docs!
If you installed Graphviz/dot after a previous failing run, 
try deleting the output directory and rerun doxygen.
error: problems opening map file C:/Users/Canfresco/Desktop/UNI/EXPERIMENTAL ROBOTICS LABORATORY/Assignment 1/ExperimentalRoboticsLab-Assignment-1/doxygen/html/a00191_a4ae659375e7a6d9564973718ece248e2_a4ae659375e7a6d9564973718ece248e2_cgraph.map for inclusion in the docs!
If you installed Graphviz/dot after a previous failing run, 
try deleting the output directory and rerun doxygen.
error: problems opening map file C:/Users/Canfresco/Desktop/UNI/EXPERIMENTAL ROBOTICS LABORATORY/Assignment 1/ExperimentalRoboticsLab-Assignment-1/doxygen/html/a00191_a580aef3f0bf9dd1affd06c588e731ff5_a580aef3f0bf9dd1affd06c588e731ff5_cgraph.map for inclusion in the docs!
If you installed Graphviz/dot after a previous failing run, 
try deleting the output directory and rerun doxygen.
error: problems opening map file C:/Users/Canfresco/Desktop/UNI/EXPERIMENTAL ROBOTICS LABORATORY/Assignment 1/ExperimentalRoboticsLab-Assignment-1/doxygen/html/a00191_a66ce2d9f5c665ab14761233b32ab1ec6_a66ce2d9f5c665ab14761233b32ab1ec6_cgraph.map for inclusion in the docs!
If you installed Graphviz/dot after a previous failing run, 
try deleting the output directory and rerun doxygen.
error: problems opening map file C:/Users/Canfresco/Desktop/UNI/EXPERIMENTAL ROBOTICS LABORATORY/Assignment 1/ExperimentalRoboticsLab-Assignment-1/doxygen/html/a00191_a6f824ec2cf4759952145f7f1d11e516c_a6f824ec2cf4759952145f7f1d11e516c_icgraph.map for inclusion in the docs!
If you installed Graphviz/dot after a previous failing run, 
try deleting the output directory and rerun doxygen.
error: problems opening map file C:/Users/Canfresco/Desktop/UNI/EXPERIMENTAL ROBOTICS LABORATORY/Assignment 1/ExperimentalRoboticsLab-Assignment-1/doxygen/html/a00191_a76a60417cfc01397a6db462904139873_a76a60417cfc01397a6db462904139873_cgraph.map for inclusion in the docs!
If you installed Graphviz/dot after a previous failing run, 
try deleting the output directory and rerun doxygen.
error: problems opening map file C:/Users/Canfresco/Desktop/UNI/EXPERIMENTAL ROBOTICS LABORATORY/Assignment 1/ExperimentalRoboticsLab-Assignment-1/doxygen/html/a00191_aaf1832ed634a017c48e26c48f58c5f68_aaf1832ed634a017c48e26c48f58c5f68_cgraph.map for inclusion in the docs!
If you installed Graphviz/dot after a previous failing run, 
try deleting the output directory and rerun doxygen.
error: problems opening map file C:/Users/Canfresco/Desktop/UNI/EXPERIMENTAL ROBOTICS LABORATORY/Assignment 1/ExperimentalRoboticsLab-Assignment-1/doxygen/html/a00191_ab278ac3aaffc4c6aceaf3bfb8d5186af_ab278ac3aaffc4c6aceaf3bfb8d5186af_cgraph.map for inclusion in the docs!
If you installed Graphviz/dot after a previous failing run, 
try deleting the output directory and rerun doxygen.
error: problems opening map file C:/Users/Canfresco/Desktop/UNI/EXPERIMENTAL ROBOTICS LABORATORY/Assignment 1/ExperimentalRoboticsLab-Assignment-1/doxygen/html/a00191_ad179234fd676874a09c267abb416d2da_ad179234fd676874a09c267abb416d2da_cgraph.map for inclusion in the docs!
If you installed Graphviz/dot after a previous failing run, 
try deleting the output directory and rerun doxygen.
error: problems opening map file C:/Users/Canfresco/Desktop/UNI/EXPERIMENTAL ROBOTICS LABORATORY/Assignment 1/ExperimentalRoboticsLab-Assignment-1/doxygen/html/a00191_ad29930fec7803aed87b7244e73b98bff_ad29930fec7803aed87b7244e73b98bff_cgraph.map for inclusion in the docs!
If you installed Graphviz/dot after a previous failing run, 
try deleting the output directory and rerun doxygen.
error: problems opening map file C:/Users/Canfresco/Desktop/UNI/EXPERIMENTAL ROBOTICS LABORATORY/Assignment 1/ExperimentalRoboticsLab-Assignment-1/doxygen/html/a00191_afef8229a755f495f008bfe4630a745fa_afef8229a755f495f008bfe4630a745fa_cgraph.map for inclusion in the docs!
If you installed Graphviz/dot after a previous failing run, 
try deleting the output directory and rerun doxygen.
error: problems opening map file C:/Users/Canfresco/Desktop/UNI/EXPERIMENTAL ROBOTICS LABORATORY/Assignment 1/ExperimentalRoboticsLab-Assignment-1/doxygen/html/a00191_afef8229a755f495f008bfe4630a745fa_afef8229a755f495f008bfe4630a745fa_icgraph.map for inclusion in the docs!
If you installed Graphviz/dot after a previous failing run, 
try deleting the output directory and rerun doxygen.
error: problems opening map file C:/Users/Canfresco/Desktop/UNI/EXPERIMENTAL ROBOTICS LABORATORY/Assignment 1/ExperimentalRoboticsLab-Assignment-1/doxygen/html/a00194.map for inclusion in the docs!
If you installed Graphviz/dot after a previous failing run, 
try deleting the output directory and rerun doxygen.
error: problems opening map file C:/Users/Canfresco/Desktop/UNI/EXPERIMENTAL ROBOTICS LABORATORY/Assignment 1/ExperimentalRoboticsLab-Assignment-1/doxygen/html/a00193.map for inclusion in the docs!
If you installed Graphviz/dot after a previous failing run, 
try deleting the output directory and rerun doxygen.
error: problems opening map file C:/Users/Canfresco/Desktop/UNI/EXPERIMENTAL ROBOTICS LABORATORY/Assignment 1/ExperimentalRoboticsLab-Assignment-1/doxygen/html/a00195_a2ca77741de4c8883b5be0d661f6b1320_a2ca77741de4c8883b5be0d661f6b1320_icgraph.map for inclusion in the docs!
If you installed Graphviz/dot after a previous failing run, 
try deleting the output directory and rerun doxygen.
error: problems opening map file C:/Users/Canfresco/Desktop/UNI/EXPERIMENTAL ROBOTICS LABORATORY/Assignment 1/ExperimentalRoboticsLab-Assignment-1/doxygen/html/a00195_a34d27d93c2faec3d3de3ba24d08f436b_a34d27d93c2faec3d3de3ba24d08f436b_icgraph.map for inclusion in the docs!
If you installed Graphviz/dot after a previous failing run, 
try deleting the output directory and rerun doxygen.
error: problems opening map file C:/Users/Canfresco/Desktop/UNI/EXPERIMENTAL ROBOTICS LABORATORY/Assignment 1/ExperimentalRoboticsLab-Assignment-1/doxygen/html/a00195_a356ca7809be690be0a70a1ae33a850a8_a356ca7809be690be0a70a1ae33a850a8_icgraph.map for inclusion in the docs!
If you installed Graphviz/dot after a previous failing run, 
try deleting the output directory and rerun doxygen.
error: problems opening map file C:/Users/Canfresco/Desktop/UNI/EXPERIMENTAL ROBOTICS LABORATORY/Assignment 1/ExperimentalRoboticsLab-Assignment-1/doxygen/html/a00195_a451163e1278ec49f4d214b33111d166d_a451163e1278ec49f4d214b33111d166d_icgraph.map for inclusion in the docs!
If you installed Graphviz/dot after a previous failing run, 
try deleting the output directory and rerun doxygen.
error: problems opening map file C:/Users/Canfresco/Desktop/UNI/EXPERIMENTAL ROBOTICS LABORATORY/Assignment 1/ExperimentalRoboticsLab-Assignment-1/doxygen/html/a00195_a6033ed90283ec6c78a2bc2b0106d0461_a6033ed90283ec6c78a2bc2b0106d0461_icgraph.map for inclusion in the docs!
If you installed Graphviz/dot after a previous failing run, 
try deleting the output directory and rerun doxygen.
error: problems opening map file C:/Users/Canfresco/Desktop/UNI/EXPERIMENTAL ROBOTICS LABORATORY/Assignment 1/ExperimentalRoboticsLab-Assignment-1/doxygen/html/a00195_a75474b9c35cbdcfedd382939c1699247_a75474b9c35cbdcfedd382939c1699247_icgraph.map for inclusion in the docs!
If you installed Graphviz/dot after a previous failing run, 
try deleting the output directory and rerun doxygen.
error: problems opening map file C:/Users/Canfresco/Desktop/UNI/EXPERIMENTAL ROBOTICS LABORATORY/Assignment 1/ExperimentalRoboticsLab-Assignment-1/doxygen/html/a00195_aa83ea5e064db6dc46c9056ddeeaabbc4_aa83ea5e064db6dc46c9056ddeeaabbc4_icgraph.map for inclusion in the docs!
If you installed Graphviz/dot after a previous failing run, 
try deleting the output directory and rerun doxygen.
error: problems opening map file C:/Users/Canfresco/Desktop/UNI/EXPERIMENTAL ROBOTICS LABORATORY/Assignment 1/ExperimentalRoboticsLab-Assignment-1/doxygen/html/a00195_ab03c54208a11edf3e3690ba07f0cef5b_ab03c54208a11edf3e3690ba07f0cef5b_icgraph.map for inclusion in the docs!
If you installed Graphviz/dot after a previous failing run, 
try deleting the output directory and rerun doxygen.
error: problems opening map file C:/Users/Canfresco/Desktop/UNI/EXPERIMENTAL ROBOTICS LABORATORY/Assignment 1/ExperimentalRoboticsLab-Assignment-1/doxygen/html/a00195_ad98c8e33df5d1ef3e4c69051ac0dd7ab_ad98c8e33df5d1ef3e4c69051ac0dd7ab_cgraph.map for inclusion in the docs!
If you installed Graphviz/dot after a previous failing run, 
try deleting the output directory and rerun doxygen.
error: problems opening map file C:/Users/Canfresco/Desktop/UNI/EXPERIMENTAL ROBOTICS LABORATORY/Assignment 1/ExperimentalRoboticsLab-Assignment-1/doxygen/html/a00195_ad98c8e33df5d1ef3e4c69051ac0dd7ab_ad98c8e33df5d1ef3e4c69051ac0dd7ab_icgraph.map for inclusion in the docs!
If you installed Graphviz/dot after a previous failing run, 
try deleting the output directory and rerun doxygen.
error: problems opening map file C:/Users/Canfresco/Desktop/UNI/EXPERIMENTAL ROBOTICS LABORATORY/Assignment 1/ExperimentalRoboticsLab-Assignment-1/doxygen/html/a00197.map for inclusion in the docs!
If you installed Graphviz/dot after a previous failing run, 
try deleting the output directory and rerun doxygen.
error: problems opening map file C:/Users/Canfresco/Desktop/UNI/EXPERIMENTAL ROBOTICS LABORATORY/Assignment 1/ExperimentalRoboticsLab-Assignment-1/doxygen/html/a00201.map for inclusion in the docs!
If you installed Graphviz/dot after a previous failing run, 
try deleting the output directory and rerun doxygen.
error: problems opening map file C:/Users/Canfresco/Desktop/UNI/EXPERIMENTAL ROBOTICS LABORATORY/Assignment 1/ExperimentalRoboticsLab-Assignment-1/doxygen/html/a00205.map for inclusion in the docs!
If you installed Graphviz/dot after a previous failing run, 
try deleting the output directory and rerun doxygen.
error: problems opening map file C:/Users/Canfresco/Desktop/UNI/EXPERIMENTAL ROBOTICS LABORATORY/Assignment 1/ExperimentalRoboticsLab-Assignment-1/doxygen/html/a00209.map for inclusion in the docs!
If you installed Graphviz/dot after a previous failing run, 
try deleting the output directory and rerun doxygen.
error: problems opening map file C:/Users/Canfresco/Desktop/UNI/EXPERIMENTAL ROBOTICS LABORATORY/Assignment 1/ExperimentalRoboticsLab-Assignment-1/doxygen/html/a00213.map for inclusion in the docs!
If you installed Graphviz/dot after a previous failing run, 
try deleting the output directory and rerun doxygen.
error: problems opening map file C:/Users/Canfresco/Desktop/UNI/EXPERIMENTAL ROBOTICS LABORATORY/Assignment 1/ExperimentalRoboticsLab-Assignment-1/doxygen/html/a00217.map for inclusion in the docs!
If you installed Graphviz/dot after a previous failing run, 
try deleting the output directory and rerun doxygen.
error: problems opening map file C:/Users/Canfresco/Desktop/UNI/EXPERIMENTAL ROBOTICS LABORATORY/Assignment 1/ExperimentalRoboticsLab-Assignment-1/doxygen/html/dir_0530d91c25da38928ceb5c0019b84e46_dep.map for inclusion in the docs!
If you installed Graphviz/dot after a previous failing run, 
try deleting the output directory and rerun doxygen.
error: problems opening map file C:/Users/Canfresco/Desktop/UNI/EXPERIMENTAL ROBOTICS LABORATORY/Assignment 1/ExperimentalRoboticsLab-Assignment-1/doxygen/html/dir_4ac2bbdaf5848812856158bd323f30d5_dep.map for inclusion in the docs!
If you installed Graphviz/dot after a previous failing run, 
try deleting the output directory and rerun doxygen.
error: problems opening map file C:/Users/Canfresco/Desktop/UNI/EXPERIMENTAL ROBOTICS LABORATORY/Assignment 1/ExperimentalRoboticsLab-Assignment-1/doxygen/html/dir_c1ce3cba60af0466b6677e615d7174e7_dep.map for inclusion in the docs!
If you installed Graphviz/dot after a previous failing run, 
try deleting the output directory and rerun doxygen.
error: problems opening map file C:/Users/Canfresco/Desktop/UNI/EXPERIMENTAL ROBOTICS LABORATORY/Assignment 1/ExperimentalRoboticsLab-Assignment-1/doxygen/html/dir_de323672ed973e86de5e52a85df0cc0b_dep.map for inclusion in the docs!
If you installed Graphviz/dot after a previous failing run, 
try deleting the output directory and rerun doxygen.
error: problems opening map file C:/Users/Canfresco/Desktop/UNI/EXPERIMENTAL ROBOTICS LABORATORY/Assignment 1/ExperimentalRoboticsLab-Assignment-1/doxygen/html/dir_ec26e8507ab2869084237022eb595cc7_dep.map for inclusion in the docs!
If you installed Graphviz/dot after a previous failing run, 
try deleting the output directory and rerun doxygen.
error: problems opening map file C:/Users/Canfresco/Desktop/UNI/EXPERIMENTAL ROBOTICS LABORATORY/Assignment 1/ExperimentalRoboticsLab-Assignment-1/doxygen/html/inherit_graph_0.map for inclusion in the docs!
If you installed Graphviz/dot after a previous failing run, 
try deleting the output directory and rerun doxygen.
error: problems opening map file C:/Users/Canfresco/Desktop/UNI/EXPERIMENTAL ROBOTICS LABORATORY/Assignment 1/ExperimentalRoboticsLab-Assignment-1/doxygen/html/inherit_graph_1.map for inclusion in the docs!
If you installed Graphviz/dot after a previous failing run, 
try deleting the output directory and rerun doxygen.
error: problems opening map file C:/Users/Canfresco/Desktop/UNI/EXPERIMENTAL ROBOTICS LABORATORY/Assignment 1/ExperimentalRoboticsLab-Assignment-1/doxygen/html/inherit_graph_2.map for inclusion in the docs!
If you installed Graphviz/dot after a previous failing run, 
try deleting the output directory and rerun doxygen.
error: problems opening map file C:/Users/Canfresco/Desktop/UNI/EXPERIMENTAL ROBOTICS LABORATORY/Assignment 1/ExperimentalRoboticsLab-Assignment-1/doxygen/html/inherit_graph_3.map for inclusion in the docs!
If you installed Graphviz/dot after a previous failing run, 
try deleting the output directory and rerun doxygen.
error: problems opening map file C:/Users/Canfresco/Desktop/UNI/EXPERIMENTAL ROBOTICS LABORATORY/Assignment 1/ExperimentalRoboticsLab-Assignment-1/doxygen/html/inherit_graph_4.map for inclusion in the docs!
If you installed Graphviz/dot after a previous failing run, 
try deleting the output directory and rerun doxygen.
error: problems opening map file C:/Users/Canfresco/Desktop/UNI/EXPERIMENTAL ROBOTICS LABORATORY/Assignment 1/ExperimentalRoboticsLab-Assignment-1/doxygen/html/inherit_graph_5.map for inclusion in the docs!
If you installed Graphviz/dot after a previous failing run, 
try deleting the output directory and rerun doxygen.
error: problems opening map file C:/Users/Canfresco/Desktop/UNI/EXPERIMENTAL ROBOTICS LABORATORY/Assignment 1/ExperimentalRoboticsLab-Assignment-1/doxygen/html/inherit_graph_6.map for inclusion in the docs!
If you installed Graphviz/dot after a previous failing run, 
try deleting the output directory and rerun doxygen.
